timestamp: 2014-10-23T10:28:22.252000
CREATE TABLE auth_user(
    id INTEGER PRIMARY KEY AUTOINCREMENT,
    first_name CHAR(128),
    last_name CHAR(128),
    email CHAR(512),
    password CHAR(512),
    registration_key CHAR(512),
    reset_password_key CHAR(512),
    registration_id CHAR(512)
);
success!
timestamp: 2014-10-23T10:28:22.333000
CREATE TABLE auth_group(
    id INTEGER PRIMARY KEY AUTOINCREMENT,
    role CHAR(512),
    description TEXT
);
success!
timestamp: 2014-10-23T10:28:22.408000
CREATE TABLE auth_membership(
    id INTEGER PRIMARY KEY AUTOINCREMENT,
    user_id INTEGER REFERENCES auth_user (id) ON DELETE CASCADE,
    group_id INTEGER REFERENCES auth_group (id) ON DELETE CASCADE
);
success!
timestamp: 2014-10-23T10:28:22.474000
CREATE TABLE auth_permission(
    id INTEGER PRIMARY KEY AUTOINCREMENT,
    group_id INTEGER REFERENCES auth_group (id) ON DELETE CASCADE,
    name CHAR(512),
    table_name CHAR(512),
    record_id INTEGER
);
success!
timestamp: 2014-10-23T10:28:22.550000
CREATE TABLE auth_event(
    id INTEGER PRIMARY KEY AUTOINCREMENT,
    time_stamp TIMESTAMP,
    client_ip CHAR(512),
    user_id INTEGER REFERENCES auth_user (id) ON DELETE CASCADE,
    origin CHAR(512),
    description TEXT
);
success!
timestamp: 2014-10-23T10:28:22.626000
CREATE TABLE auth_cas(
    id INTEGER PRIMARY KEY AUTOINCREMENT,
    user_id INTEGER REFERENCES auth_user (id) ON DELETE CASCADE,
    created_on TIMESTAMP,
    service CHAR(512),
    ticket CHAR(512),
    renew CHAR(1)
);
success!
timestamp: 2014-10-23T10:31:11.689000
CREATE TABLE person(
    id INTEGER PRIMARY KEY AUTOINCREMENT,
    name CHAR(512)
);
success!
timestamp: 2014-10-23T10:34:21.872000
ALTER TABLE person ADD wdpaid CHAR(512);
success!
success!
success!
timestamp: 2014-10-23T15:53:21.261000
CREATE TABLE wcmcdatasheet(
    id INTEGER PRIMARY KEY AUTOINCREMENT,
    wdpaid CHAR(512),
    wh TEXT
);
success!
timestamp: 2015-04-20T15:46:19.624000
CREATE TABLE wh(
    id INTEGER PRIMARY KEY AUTOINCREMENT,
    wdpaid CHAR(512),
    name TEXT
);
success!
success!
timestamp: 2015-04-24T14:11:11.138000
CREATE TABLE landcover(
    id INTEGER PRIMARY KEY AUTOINCREMENT,
    wdpaid INTEGER,
    lc_2000 TEXT,
    lc_2010 TEXT,
    areakm2 DOUBLE
);
success!
timestamp: 2015-04-30T14:52:49.238000
CREATE TABLE wh_geom(
    id INTEGER PRIMARY KEY AUTOINCREMENT,
    wdpaid INTEGER,
    geo_json TEXT
);
success!
success!
success!
